Copyright 1986-1999, 2001-2013 Xilinx, Inc. All Rights Reserved.
-------------------------------------------------------------------------------------------
| Tool Version : Vivado v.2013.4 (win32) Build 353583 Mon Dec  9 17:38:55 MST 2013
| Date         : Tue Apr 08 14:14:39 2014
| Host         :  running 64-bit major release  (build 7600)
| Command      : report_control_sets -verbose -file System_wrapper_control_sets_placed.rpt
| Design       : System_wrapper
| Device       : xc7z020
-------------------------------------------------------------------------------------------

Control Set Information

Table of Contents
-----------------
1. Summary
2. Flip-Flop Distribution
3. Detailed Control Set Information

1. Summary
----------

+-------------------------------------------------------------------+-------+
|                               Status                              | Count |
+-------------------------------------------------------------------+-------+
| Number of unique control sets                                     |    43 |
| Minimum Number of register sites lost to control set restrictions |    78 |
+-------------------------------------------------------------------+-------+


2. Flip-Flop Distribution
-------------------------

+--------------+-----------------------+------------------------+-----------------+--------------+
| Clock Enable | Synchronous Set/Reset | Asynchronous Set/Reset | Total Registers | Total Slices |
+--------------+-----------------------+------------------------+-----------------+--------------+
| No           | No                    | No                     |             192 |           75 |
| No           | No                    | Yes                    |               0 |            0 |
| No           | Yes                   | No                     |             137 |           41 |
| Yes          | No                    | No                     |             428 |          104 |
| Yes          | No                    | Yes                    |               0 |            0 |
| Yes          | Yes                   | No                     |              77 |           22 |
+--------------+-----------------------+------------------------+-----------------+--------------+


3. Detailed Control Set Information
-----------------------------------

+---------------------------------------------+-------------------------------------------------------------------------------------------------------------------------------------+-------------------------------------------------------------------------------------------------------------------------------------+------------------+----------------+
|                 Clock Signal                |                                                            Enable Signal                                                            |                                                           Set/Reset Signal                                                          | Slice Load Count | Bel Load Count |
+---------------------------------------------+-------------------------------------------------------------------------------------------------------------------------------------+-------------------------------------------------------------------------------------------------------------------------------------+------------------+----------------+
|  System_i/processing_system7_0/U0/FCLK_CLK0 | System_i/processing_system7_0_axi_periph/s00_couplers/auto_pc/inst/gen_axilite.gen_b2s_conv.axilite_b2s/WR.b_channel_0/bresp_push   |                                                                                                                                     |                1 |              2 |
|  System_i/processing_system7_0/U0/FCLK_CLK0 | System_i/processing_system7_0_axi_periph/s00_couplers/auto_pc/n_0_axlen_cnt[3]_i_1                                                  |                                                                                                                                     |                1 |              4 |
|  System_i/processing_system7_0/U0/FCLK_CLK0 |                                                                                                                                     | System_i/led_8bit/U0/AXI_LITE_IPIF_I/I_SLAVE_ATTACHMENT/p_2_out                                                                     |                1 |              4 |
|  System_i/processing_system7_0/U0/FCLK_CLK0 | System_i/processing_system7_0_axi_periph/s00_couplers/auto_pc/n_0_axlen_cnt[3]_i_1__0                                               |                                                                                                                                     |                2 |              4 |
|  System_i/processing_system7_0/U0/FCLK_CLK0 | System_i/processing_system7_0_axi_periph/s00_couplers/auto_pc/n_0_axlen_cnt[3]_i_1__0                                               | System_i/processing_system7_0_axi_periph/s00_couplers/auto_pc/n_0_axlen_cnt[7]_i_1__0                                               |                1 |              4 |
|  System_i/processing_system7_0/U0/FCLK_CLK0 | System_i/processing_system7_0_axi_periph/s00_couplers/auto_pc/n_0_axlen_cnt[3]_i_1__1                                               |                                                                                                                                     |                2 |              4 |
|  System_i/processing_system7_0/U0/FCLK_CLK0 |                                                                                                                                     | System_i/sw_8bit/U0/AXI_LITE_IPIF_I/I_SLAVE_ATTACHMENT/p_2_out                                                                      |                1 |              4 |
|  System_i/processing_system7_0/U0/FCLK_CLK0 |                                                                                                                                     | System_i/processing_system7_0_axi_periph/xbar/inst/gen_sasd.crossbar_sasd_0/reset                                                   |                5 |              6 |
|  System_i/processing_system7_0/U0/FCLK_CLK0 | System_i/rst_processing_system7_0_100M/U0/SEQ/seq_cnt_en                                                                            | System_i/rst_processing_system7_0_100M/U0/clear                                                                                     |                1 |              6 |
|  System_i/processing_system7_0/U0/FCLK_CLK0 | System_i/processing_system7_0_axi_periph/s00_couplers/auto_pc/n_0_axlen_cnt[7]_i_1                                                  |                                                                                                                                     |                3 |              8 |
|  System_i/processing_system7_0/U0/FCLK_CLK0 | System_i/processing_system7_0_axi_periph/s00_couplers/auto_pc/inst/gen_axilite.gen_b2s_conv.axilite_b2s/WR.b_channel_0/mhandshake_r | System_i/processing_system7_0_axi_periph/s00_couplers/auto_pc/inst/gen_axilite.gen_b2s_conv.axilite_b2s/WR.b_channel_0/s_bresp_acc0 |                2 |              8 |
|  System_i/processing_system7_0/U0/FCLK_CLK0 | System_i/led_8bit/U0/n_0_Not_Dual.gpio_OE[0]_i_1                                                                                    | System_i/led_8bit/U0/bus2ip_reset                                                                                                   |                2 |              8 |
|  System_i/processing_system7_0/U0/FCLK_CLK0 | System_i/led_8bit/U0/n_0_s_axi_rdata_i[7]_i_1                                                                                       | System_i/led_8bit/U0/bus2ip_reset                                                                                                   |                2 |              8 |
|  System_i/processing_system7_0/U0/FCLK_CLK0 | System_i/led_8bit/U0/n_0_Not_Dual.gpio_Data_Out[0]_i_1                                                                              | System_i/led_8bit/U0/bus2ip_reset                                                                                                   |                1 |              8 |
|  System_i/processing_system7_0/U0/FCLK_CLK0 |                                                                                                                                     | System_i/sw_8bit/U0/gpio_core_1/Read_Reg_Rst                                                                                        |                4 |              8 |
|  System_i/processing_system7_0/U0/FCLK_CLK0 |                                                                                                                                     | System_i/processing_system7_0_axi_periph/s00_couplers/auto_pc/n_0_areset_d1_i_1                                                     |                4 |              8 |
|  System_i/processing_system7_0/U0/FCLK_CLK0 |                                                                                                                                     | System_i/led_8bit/U0/gpio_core_1/Read_Reg_Rst                                                                                       |                2 |              8 |
|  System_i/processing_system7_0/U0/FCLK_CLK0 | System_i/sw_8bit/U0/n_0_s_axi_rdata_i[7]_i_1                                                                                        | System_i/sw_8bit/U0/bus2ip_reset                                                                                                    |                2 |              8 |
|  System_i/processing_system7_0/U0/FCLK_CLK0 | System_i/sw_8bit/U0/n_0_Not_Dual.gpio_OE[0]_i_1                                                                                     | System_i/sw_8bit/U0/bus2ip_reset                                                                                                    |                3 |              8 |
|  System_i/processing_system7_0/U0/FCLK_CLK0 | System_i/processing_system7_0_axi_periph/xbar/inst/gen_sasd.crossbar_sasd_0/aa_rready                                               |                                                                                                                                     |                4 |             11 |
|  System_i/processing_system7_0/U0/FCLK_CLK0 | System_i/processing_system7_0_axi_periph/xbar/inst/gen_sasd.crossbar_sasd_0/reg_slice_r/p_1_in                                      |                                                                                                                                     |                4 |             11 |
|  System_i/processing_system7_0/U0/FCLK_CLK0 | System_i/processing_system7_0_axi_periph/s00_couplers/auto_pc/n_0_axaddr_incr[0]_i_1                                                |                                                                                                                                     |                3 |             12 |
|  System_i/processing_system7_0/U0/FCLK_CLK0 | System_i/processing_system7_0_axi_periph/s00_couplers/auto_pc/n_0_wrap_boundary_axaddr_r[11]_i_1                                    |                                                                                                                                     |                6 |             12 |
|  System_i/processing_system7_0/U0/FCLK_CLK0 | System_i/processing_system7_0_axi_periph/s00_couplers/auto_pc/n_0_wrap_boundary_axaddr_r[11]_i_1__0                                 |                                                                                                                                     |                7 |             12 |
|  System_i/processing_system7_0/U0/FCLK_CLK0 | System_i/processing_system7_0_axi_periph/s00_couplers/auto_pc/n_0_axaddr_wrap[11]_i_1__0                                            |                                                                                                                                     |                4 |             12 |
|  System_i/processing_system7_0/U0/FCLK_CLK0 | System_i/processing_system7_0_axi_periph/s00_couplers/auto_pc/n_0_axaddr_incr[0]_i_1__0                                             |                                                                                                                                     |                3 |             12 |
|  System_i/processing_system7_0/U0/FCLK_CLK0 | System_i/processing_system7_0_axi_periph/s00_couplers/auto_pc/n_0_axaddr_wrap[11]_i_1                                               |                                                                                                                                     |                4 |             12 |
|  System_i/processing_system7_0/U0/FCLK_CLK0 | System_i/processing_system7_0_axi_periph/s00_couplers/auto_pc/inst/gen_axilite.gen_b2s_conv.axilite_b2s/RD.r_channel_0/r_push_r     |                                                                                                                                     |                4 |             13 |
|  System_i/processing_system7_0/U0/FCLK_CLK0 | System_i/processing_system7_0_axi_periph/s00_couplers/auto_pc/inst/gen_axilite.gen_b2s_conv.axilite_b2s/si_rs_bready                |                                                                                                                                     |                3 |             14 |
|  System_i/processing_system7_0/U0/FCLK_CLK0 | System_i/processing_system7_0_axi_periph/s00_couplers/auto_pc/inst/gen_axilite.gen_b2s_conv.axilite_b2s/SI_REG/b_pipe/p_1_in        |                                                                                                                                     |                3 |             14 |
|  System_i/processing_system7_0/U0/FCLK_CLK0 |                                                                                                                                     | System_i/sw_8bit/U0/bus2ip_reset                                                                                                    |                3 |             14 |
|  System_i/processing_system7_0/U0/FCLK_CLK0 |                                                                                                                                     | System_i/led_8bit/U0/bus2ip_reset                                                                                                   |                3 |             14 |
|  System_i/processing_system7_0/U0/FCLK_CLK0 | System_i/processing_system7_0_axi_periph/xbar/inst/gen_sasd.crossbar_sasd_0/addr_arbiter_inst/p_0_in1_in                            | System_i/processing_system7_0_axi_periph/xbar/inst/gen_sasd.crossbar_sasd_0/reset                                                   |                8 |             19 |
|  System_i/processing_system7_0/U0/FCLK_CLK0 | System_i/processing_system7_0_axi_periph/s00_couplers/auto_pc/inst/gen_axilite.gen_b2s_conv.axilite_b2s/b_push                      |                                                                                                                                     |                3 |             20 |
|  System_i/processing_system7_0/U0/FCLK_CLK0 | System_i/processing_system7_0_axi_periph/s00_couplers/auto_pc/inst/gen_axilite.gen_b2s_conv.axilite_b2s/RD.r_channel_0/wr_en0       |                                                                                                                                     |                9 |             34 |
|  System_i/processing_system7_0/U0/FCLK_CLK0 | System_i/processing_system7_0_axi_periph/s00_couplers/auto_pc/inst/gen_axilite.gen_b2s_conv.axilite_b2s/SI_REG/r_pipe/p_1_in        |                                                                                                                                     |               10 |             47 |
|  System_i/processing_system7_0/U0/FCLK_CLK0 | System_i/processing_system7_0_axi_periph/s00_couplers/auto_pc/inst/gen_axilite.gen_b2s_conv.axilite_b2s/si_rs_rready                |                                                                                                                                     |                9 |             47 |
|  System_i/processing_system7_0/U0/FCLK_CLK0 | System_i/processing_system7_0_axi_periph/s00_couplers/auto_pc/inst/gen_axilite.gen_b2s_conv.axilite_b2s/SI_REG/ar_pipe/p_1_in       |                                                                                                                                     |               11 |             48 |
|  System_i/processing_system7_0/U0/FCLK_CLK0 | System_i/processing_system7_0_axi_periph/s00_couplers/auto_pc/inst/gen_axilite.gen_b2s_conv.axilite_b2s/SI_REG/aw_pipe/p_1_in       |                                                                                                                                     |                8 |             48 |
|  System_i/processing_system7_0/U0/FCLK_CLK0 | System_i/processing_system7_0_axi_periph/s00_couplers/auto_pc/s_axi_arready                                                         |                                                                                                                                     |               10 |             48 |
|  System_i/processing_system7_0/U0/FCLK_CLK0 | System_i/processing_system7_0_axi_periph/s00_couplers/auto_pc/s_axi_awready                                                         |                                                                                                                                     |                7 |             48 |
|  System_i/processing_system7_0/U0/FCLK_CLK0 |                                                                                                                                     | System_i/processing_system7_0_axi_periph/s00_couplers/auto_pc/inst/gen_axilite.gen_b2s_conv.axilite_b2s/areset_d1                   |               18 |             71 |
|  System_i/processing_system7_0/U0/FCLK_CLK0 |                                                                                                                                     |                                                                                                                                     |               76 |            193 |
+---------------------------------------------+-------------------------------------------------------------------------------------------------------------------------------------+-------------------------------------------------------------------------------------------------------------------------------------+------------------+----------------+


