Copyright 1986-1999, 2001-2013 Xilinx, Inc. All Rights Reserved.
-------------------------------------------------------------------------------------------
| Tool Version : Vivado v.2013.4 (win32) Build 353583 Mon Dec  9 17:38:55 MST 2013
| Date         : Thu Apr 10 10:34:24 2014
| Host         :  running 64-bit major release  (build 7600)
| Command      : report_control_sets -verbose -file System_wrapper_control_sets_placed.rpt
| Design       : System_wrapper
| Device       : xc7z020
-------------------------------------------------------------------------------------------

Control Set Information

Table of Contents
-----------------
1. Summary
2. Flip-Flop Distribution
3. Detailed Control Set Information

1. Summary
----------

+-------------------------------------------------------------------+-------+
|                               Status                              | Count |
+-------------------------------------------------------------------+-------+
| Number of unique control sets                                     |    98 |
| Minimum Number of register sites lost to control set restrictions |   238 |
+-------------------------------------------------------------------+-------+


2. Flip-Flop Distribution
-------------------------

+--------------+-----------------------+------------------------+-----------------+--------------+
| Clock Enable | Synchronous Set/Reset | Asynchronous Set/Reset | Total Registers | Total Slices |
+--------------+-----------------------+------------------------+-----------------+--------------+
| No           | No                    | No                     |             480 |          206 |
| No           | No                    | Yes                    |               0 |            0 |
| No           | Yes                   | No                     |             267 |           88 |
| Yes          | No                    | No                     |             772 |          238 |
| Yes          | No                    | Yes                    |               0 |            0 |
| Yes          | Yes                   | No                     |             259 |           80 |
+--------------+-----------------------+------------------------+-----------------+--------------+


3. Detailed Control Set Information
-----------------------------------

+---------------------------------------------+-------------------------------------------------------------------------------------------------------------------------------------+-------------------------------------------------------------------------------------------------------------------------------------+------------------+----------------+
|                 Clock Signal                |                                                            Enable Signal                                                            |                                                           Set/Reset Signal                                                          | Slice Load Count | Bel Load Count |
+---------------------------------------------+-------------------------------------------------------------------------------------------------------------------------------------+-------------------------------------------------------------------------------------------------------------------------------------+------------------+----------------+
|  System_i/processing_system7_0/U0/FCLK_CLK0 | System_i/processing_system7_0_axi_periph/m00_couplers/auto_pc/inst/gen_axilite.gen_b2s_conv.axilite_b2s/RD.r_channel_0/r_push_r     |                                                                                                                                     |                1 |              1 |
|  System_i/processing_system7_0/U0/FCLK_CLK0 | System_i/processing_system7_0_axi_periph/m02_couplers/auto_pc/inst/gen_axilite.gen_b2s_conv.axilite_b2s/RD.r_channel_0/r_push_r     |                                                                                                                                     |                1 |              1 |
|  System_i/processing_system7_0/U0/FCLK_CLK0 | System_i/processing_system7_0_axi_periph/m01_couplers/auto_pc/inst/gen_axilite.gen_b2s_conv.axilite_b2s/RD.r_channel_0/r_push_r     |                                                                                                                                     |                1 |              1 |
|  System_i/processing_system7_0/U0/FCLK_CLK0 | System_i/processing_system7_0_axi_periph/m00_couplers/auto_pc/inst/gen_axilite.gen_b2s_conv.axilite_b2s/WR.b_channel_0/bresp_push   |                                                                                                                                     |                1 |              2 |
|  System_i/processing_system7_0/U0/FCLK_CLK0 | System_i/processing_system7_0_axi_periph/m01_couplers/auto_pc/inst/gen_axilite.gen_b2s_conv.axilite_b2s/WR.b_channel_0/bresp_push   |                                                                                                                                     |                1 |              2 |
|  System_i/processing_system7_0/U0/FCLK_CLK0 | System_i/processing_system7_0_axi_periph/m02_couplers/auto_pc/inst/gen_axilite.gen_b2s_conv.axilite_b2s/WR.b_channel_0/bresp_push   |                                                                                                                                     |                1 |              2 |
|  System_i/processing_system7_0/U0/FCLK_CLK0 | System_i/processing_system7_0_axi_periph/m02_couplers/auto_pc/n_0_axaddr_incr[0]_i_1__0                                             |                                                                                                                                     |                1 |              4 |
|  System_i/processing_system7_0/U0/FCLK_CLK0 | System_i/axi_bram_ctrl_0/U0/gext_inst.abcv3_0_ext_inst/GEN_AXI4.I_FULL_AXI/I_WR_CHNL/wrdata_reg_ld                                  | System_i/axi_bram_ctrl_0/n_0_GEN_WR_NO_ECC.bram_we_int[3]_i_1                                                                       |                1 |              4 |
|  System_i/processing_system7_0/U0/FCLK_CLK0 | System_i/axi_bram_ctrl_0/n_0_rd_data_sm_cs[3]_i_1                                                                                   | System_i/axi_bram_ctrl_0/bram_rst_a                                                                                                 |                3 |              4 |
|  System_i/processing_system7_0/U0/FCLK_CLK0 | System_i/processing_system7_0_axi_periph/m02_couplers/auto_pc/n_0_axaddr_incr[0]_i_1                                                |                                                                                                                                     |                1 |              4 |
|  System_i/processing_system7_0/U0/FCLK_CLK0 | System_i/processing_system7_0_axi_periph/m00_couplers/auto_pc/n_0_axlen_cnt[3]_i_1__0                                               |                                                                                                                                     |                2 |              4 |
|  System_i/processing_system7_0/U0/FCLK_CLK0 | System_i/processing_system7_0_axi_periph/m02_couplers/auto_pc/n_0_wrap_boundary_axaddr_r[11]_i_1                                    |                                                                                                                                     |                2 |              4 |
|  System_i/processing_system7_0/U0/FCLK_CLK0 | System_i/processing_system7_0_axi_periph/m02_couplers/auto_pc/n_0_wrap_boundary_axaddr_r[11]_i_1__0                                 |                                                                                                                                     |                1 |              4 |
|  System_i/processing_system7_0/U0/FCLK_CLK0 | System_i/processing_system7_0_axi_periph/m02_couplers/auto_pc/n_0_axaddr_wrap[11]_i_1__0                                            |                                                                                                                                     |                1 |              4 |
|  System_i/processing_system7_0/U0/FCLK_CLK0 | System_i/processing_system7_0_axi_periph/m00_couplers/auto_pc/n_0_axlen_cnt[3]_i_1                                                  |                                                                                                                                     |                2 |              4 |
|  System_i/processing_system7_0/U0/FCLK_CLK0 | System_i/processing_system7_0_axi_periph/m02_couplers/auto_pc/n_0_axlen_cnt[3]_i_1__0                                               |                                                                                                                                     |                2 |              4 |
|  System_i/processing_system7_0/U0/FCLK_CLK0 | System_i/processing_system7_0_axi_periph/m02_couplers/auto_pc/n_0_axaddr_wrap[11]_i_1                                               |                                                                                                                                     |                1 |              4 |
|  System_i/processing_system7_0/U0/FCLK_CLK0 | System_i/processing_system7_0_axi_periph/m02_couplers/auto_pc/n_0_axlen_cnt[3]_i_1                                                  |                                                                                                                                     |                1 |              4 |
|  System_i/processing_system7_0/U0/FCLK_CLK0 | System_i/processing_system7_0_axi_periph/m01_couplers/auto_pc/n_0_axlen_cnt[3]_i_1__0                                               |                                                                                                                                     |                1 |              4 |
|  System_i/processing_system7_0/U0/FCLK_CLK0 |                                                                                                                                     | System_i/sw_8bit/U0/AXI_LITE_IPIF_I/I_SLAVE_ATTACHMENT/p_2_out                                                                      |                1 |              4 |
|  System_i/processing_system7_0/U0/FCLK_CLK0 |                                                                                                                                     | System_i/btns_5bit/U0/AXI_LITE_IPIF_I/I_SLAVE_ATTACHMENT/p_2_out                                                                    |                1 |              4 |
|  System_i/processing_system7_0/U0/FCLK_CLK0 | System_i/processing_system7_0_axi_periph/m01_couplers/auto_pc/n_0_axlen_cnt[3]_i_1                                                  |                                                                                                                                     |                1 |              4 |
|  System_i/processing_system7_0/U0/FCLK_CLK0 | System_i/axi_bram_ctrl_0/n_0_FSM_onehot_rlast_sm_cs[4]_i_1                                                                          | System_i/axi_bram_ctrl_0/bram_rst_a                                                                                                 |                2 |              5 |
|  System_i/processing_system7_0/U0/FCLK_CLK0 | System_i/btns_5bit/U0/n_0_s_axi_rdata_i[4]_i_1                                                                                      | System_i/btns_5bit/U0/bus2ip_reset                                                                                                  |                3 |              5 |
|  System_i/processing_system7_0/U0/FCLK_CLK0 | System_i/btns_5bit/U0/n_0_Not_Dual.gpio_OE[0]_i_1                                                                                   | System_i/btns_5bit/U0/bus2ip_reset                                                                                                  |                2 |              5 |
|  System_i/processing_system7_0/U0/FCLK_CLK0 |                                                                                                                                     | System_i/btns_5bit/U0/gpio_core_1/Read_Reg_Rst                                                                                      |                2 |              5 |
|  System_i/processing_system7_0/U0/FCLK_CLK0 | System_i/rst_processing_system7_0_100M/U0/SEQ/seq_cnt_en                                                                            | System_i/rst_processing_system7_0_100M/U0/clear                                                                                     |                1 |              6 |
|  System_i/processing_system7_0/U0/FCLK_CLK0 |                                                                                                                                     | System_i/led_ip/p_0_in                                                                                                              |                3 |              7 |
|  System_i/processing_system7_0/U0/FCLK_CLK0 | System_i/processing_system7_0_axi_periph/m01_couplers/auto_pc/inst/gen_axilite.gen_b2s_conv.axilite_b2s/WR.b_channel_0/mhandshake_r | System_i/processing_system7_0_axi_periph/m01_couplers/auto_pc/inst/gen_axilite.gen_b2s_conv.axilite_b2s/WR.b_channel_0/s_bresp_acc0 |                2 |              8 |
|  System_i/processing_system7_0/U0/FCLK_CLK0 | System_i/processing_system7_0_axi_periph/m00_couplers/auto_pc/n_0_axlen_cnt[7]_i_1                                                  |                                                                                                                                     |                4 |              8 |
|  System_i/processing_system7_0/U0/FCLK_CLK0 | System_i/processing_system7_0_axi_periph/m01_couplers/auto_pc/n_0_axlen_cnt[7]_i_1__0                                               |                                                                                                                                     |                4 |              8 |
|  System_i/processing_system7_0/U0/FCLK_CLK0 | System_i/processing_system7_0_axi_periph/m01_couplers/auto_pc/n_0_axlen_cnt[7]_i_1                                                  |                                                                                                                                     |                3 |              8 |
|  System_i/processing_system7_0/U0/FCLK_CLK0 | System_i/processing_system7_0_axi_periph/m00_couplers/auto_pc/n_0_axlen_cnt[7]_i_1__0                                               |                                                                                                                                     |                4 |              8 |
|  System_i/processing_system7_0/U0/FCLK_CLK0 | System_i/processing_system7_0_axi_periph/m02_couplers/auto_pc/inst/gen_axilite.gen_b2s_conv.axilite_b2s/b_push                      |                                                                                                                                     |                1 |              8 |
|  System_i/processing_system7_0/U0/FCLK_CLK0 | System_i/processing_system7_0_axi_periph/m01_couplers/auto_pc/inst/gen_axilite.gen_b2s_conv.axilite_b2s/b_push                      |                                                                                                                                     |                1 |              8 |
|  System_i/processing_system7_0/U0/FCLK_CLK0 | System_i/processing_system7_0_axi_periph/m02_couplers/auto_pc/n_0_axlen_cnt[7]_i_1                                                  |                                                                                                                                     |                3 |              8 |
|  System_i/processing_system7_0/U0/FCLK_CLK0 | System_i/processing_system7_0_axi_periph/m00_couplers/auto_pc/inst/gen_axilite.gen_b2s_conv.axilite_b2s/WR.b_channel_0/mhandshake_r | System_i/processing_system7_0_axi_periph/m00_couplers/auto_pc/inst/gen_axilite.gen_b2s_conv.axilite_b2s/WR.b_channel_0/s_bresp_acc0 |                2 |              8 |
|  System_i/processing_system7_0/U0/FCLK_CLK0 | System_i/processing_system7_0_axi_periph/m02_couplers/auto_pc/n_0_axlen_cnt[7]_i_1__0                                               |                                                                                                                                     |                4 |              8 |
|  System_i/processing_system7_0/U0/FCLK_CLK0 | System_i/processing_system7_0_axi_periph/m00_couplers/auto_pc/inst/gen_axilite.gen_b2s_conv.axilite_b2s/b_push                      |                                                                                                                                     |                1 |              8 |
|  System_i/processing_system7_0/U0/FCLK_CLK0 | System_i/sw_8bit/U0/n_0_Not_Dual.gpio_OE[0]_i_1                                                                                     | System_i/sw_8bit/U0/bus2ip_reset                                                                                                    |                2 |              8 |
|  System_i/processing_system7_0/U0/FCLK_CLK0 | System_i/led_ip/n_0_LED[7]_i_2                                                                                                      | System_i/led_ip/p_0_in                                                                                                              |                3 |              8 |
|  System_i/processing_system7_0/U0/FCLK_CLK0 | System_i/processing_system7_0_axi_periph/m02_couplers/auto_pc/inst/gen_axilite.gen_b2s_conv.axilite_b2s/WR.b_channel_0/mhandshake_r | System_i/processing_system7_0_axi_periph/m02_couplers/auto_pc/inst/gen_axilite.gen_b2s_conv.axilite_b2s/WR.b_channel_0/s_bresp_acc0 |                2 |              8 |
|  System_i/processing_system7_0/U0/FCLK_CLK0 | System_i/sw_8bit/U0/n_0_s_axi_rdata_i[7]_i_1                                                                                        | System_i/sw_8bit/U0/bus2ip_reset                                                                                                    |                2 |              8 |
|  System_i/processing_system7_0/U0/FCLK_CLK0 |                                                                                                                                     | System_i/processing_system7_0_axi_periph/m00_couplers/auto_pc/n_0_areset_d1_i_1                                                     |                4 |              8 |
|  System_i/processing_system7_0/U0/FCLK_CLK0 |                                                                                                                                     | System_i/processing_system7_0_axi_periph/m01_couplers/auto_pc/n_0_areset_d1_i_1                                                     |                5 |              8 |
|  System_i/processing_system7_0/U0/FCLK_CLK0 | System_i/processing_system7_0_axi_periph/xbar/n_0_gen_axi.read_cnt[7]_i_1                                                           | System_i/processing_system7_0_axi_periph/xbar/inst/gen_sasd.crossbar_sasd_0/reset                                                   |                3 |              8 |
|  System_i/processing_system7_0/U0/FCLK_CLK0 |                                                                                                                                     | System_i/processing_system7_0_axi_periph/m02_couplers/auto_pc/n_0_areset_d1_i_1                                                     |                4 |              8 |
|  System_i/processing_system7_0/U0/FCLK_CLK0 |                                                                                                                                     | System_i/sw_8bit/U0/gpio_core_1/Read_Reg_Rst                                                                                        |                3 |              8 |
|  System_i/processing_system7_0/U0/FCLK_CLK0 |                                                                                                                                     | System_i/processing_system7_0_axi_periph/xbar/inst/gen_sasd.crossbar_sasd_0/reset                                                   |                6 |             10 |
|  System_i/processing_system7_0/U0/FCLK_CLK0 |                                                                                                                                     | System_i/btns_5bit/U0/bus2ip_reset                                                                                                  |                3 |             11 |
|  System_i/processing_system7_0/U0/FCLK_CLK0 | System_i/processing_system7_0_axi_periph/m01_couplers/auto_pc/n_0_axaddr_incr[0]_i_1__0                                             |                                                                                                                                     |                3 |             12 |
|  System_i/processing_system7_0/U0/FCLK_CLK0 | System_i/processing_system7_0_axi_periph/m01_couplers/auto_pc/n_0_axaddr_incr[0]_i_1                                                |                                                                                                                                     |                3 |             12 |
|  System_i/processing_system7_0/U0/FCLK_CLK0 | System_i/processing_system7_0_axi_periph/m00_couplers/auto_pc/n_0_axaddr_wrap[11]_i_1                                               |                                                                                                                                     |                3 |             12 |
|  System_i/processing_system7_0/U0/FCLK_CLK0 | System_i/processing_system7_0_axi_periph/m01_couplers/auto_pc/n_0_wrap_boundary_axaddr_r[11]_i_1                                    |                                                                                                                                     |                7 |             12 |
|  System_i/processing_system7_0/U0/FCLK_CLK0 | System_i/processing_system7_0_axi_periph/m01_couplers/auto_pc/n_0_wrap_boundary_axaddr_r[11]_i_1__0                                 |                                                                                                                                     |                5 |             12 |
|  System_i/processing_system7_0/U0/FCLK_CLK0 | System_i/processing_system7_0_axi_periph/m01_couplers/auto_pc/n_0_axaddr_wrap[11]_i_1__0                                            |                                                                                                                                     |                6 |             12 |
|  System_i/processing_system7_0/U0/FCLK_CLK0 | System_i/processing_system7_0_axi_periph/m01_couplers/auto_pc/n_0_axaddr_wrap[11]_i_1                                               |                                                                                                                                     |                4 |             12 |
|  System_i/processing_system7_0/U0/FCLK_CLK0 | System_i/processing_system7_0_axi_periph/m00_couplers/auto_pc/n_0_axaddr_wrap[11]_i_1__0                                            |                                                                                                                                     |                5 |             12 |
|  System_i/processing_system7_0/U0/FCLK_CLK0 | System_i/processing_system7_0_axi_periph/m00_couplers/auto_pc/n_0_wrap_boundary_axaddr_r[11]_i_1__0                                 |                                                                                                                                     |                5 |             12 |
|  System_i/processing_system7_0/U0/FCLK_CLK0 | System_i/processing_system7_0_axi_periph/m00_couplers/auto_pc/n_0_wrap_boundary_axaddr_r[11]_i_1                                    |                                                                                                                                     |                5 |             12 |
|  System_i/processing_system7_0/U0/FCLK_CLK0 | System_i/processing_system7_0_axi_periph/m00_couplers/auto_pc/n_0_axaddr_incr[0]_i_1                                                |                                                                                                                                     |                3 |             12 |
|  System_i/processing_system7_0/U0/FCLK_CLK0 | System_i/processing_system7_0_axi_periph/m00_couplers/auto_pc/n_0_axaddr_incr[0]_i_1__0                                             |                                                                                                                                     |                3 |             12 |
|  System_i/processing_system7_0/U0/FCLK_CLK0 | System_i/axi_bram_ctrl_0/U0/gext_inst.abcv3_0_ext_inst/GEN_AXI4.I_FULL_AXI/I_RD_CHNL/ar_active_re                                   | System_i/axi_bram_ctrl_0/bram_rst_a                                                                                                 |                7 |             13 |
|  System_i/processing_system7_0/U0/FCLK_CLK0 | System_i/axi_bram_ctrl_0/U0/gext_inst.abcv3_0_ext_inst/GEN_AXI4.I_FULL_AXI/I_WR_CHNL/aw_active_re                                   | System_i/axi_bram_ctrl_0/bram_rst_a                                                                                                 |                5 |             13 |
|  System_i/processing_system7_0/U0/FCLK_CLK0 |                                                                                                                                     | System_i/sw_8bit/U0/bus2ip_reset                                                                                                    |                2 |             14 |
|  System_i/processing_system7_0/U0/FCLK_CLK0 | System_i/processing_system7_0_axi_periph/m02_couplers/auto_pc/s_axi_arready                                                         |                                                                                                                                     |                5 |             15 |
|  System_i/processing_system7_0/U0/FCLK_CLK0 | System_i/processing_system7_0_axi_periph/m02_couplers/auto_pc/s_axi_awready                                                         |                                                                                                                                     |                6 |             15 |
|  System_i/processing_system7_0/U0/FCLK_CLK0 | System_i/processing_system7_0_axi_periph/m02_couplers/auto_pc/inst/gen_axilite.gen_b2s_conv.axilite_b2s/SI_REG/aw_pipe/p_1_in       |                                                                                                                                     |                7 |             15 |
|  System_i/processing_system7_0/U0/FCLK_CLK0 | System_i/processing_system7_0_axi_periph/m02_couplers/auto_pc/inst/gen_axilite.gen_b2s_conv.axilite_b2s/SI_REG/ar_pipe/p_1_in       |                                                                                                                                     |                6 |             15 |
|  System_i/processing_system7_0/U0/FCLK_CLK0 |                                                                                                                                     | System_i/axi_bram_ctrl_0/bram_rst_a                                                                                                 |               11 |             18 |
|  System_i/processing_system7_0/U0/FCLK_CLK0 | System_i/processing_system7_0_axi_periph/m00_couplers/auto_pc/s_axi_awready                                                         |                                                                                                                                     |                6 |             20 |
|  System_i/processing_system7_0/U0/FCLK_CLK0 | System_i/processing_system7_0_axi_periph/m01_couplers/auto_pc/inst/gen_axilite.gen_b2s_conv.axilite_b2s/SI_REG/ar_pipe/p_1_in       |                                                                                                                                     |                7 |             20 |
|  System_i/processing_system7_0/U0/FCLK_CLK0 | System_i/processing_system7_0_axi_periph/m01_couplers/auto_pc/inst/gen_axilite.gen_b2s_conv.axilite_b2s/SI_REG/aw_pipe/p_1_in       |                                                                                                                                     |                7 |             20 |
|  System_i/processing_system7_0/U0/FCLK_CLK0 | System_i/processing_system7_0_axi_periph/m00_couplers/auto_pc/s_axi_arready                                                         |                                                                                                                                     |                4 |             20 |
|  System_i/processing_system7_0/U0/FCLK_CLK0 | System_i/processing_system7_0_axi_periph/m00_couplers/auto_pc/inst/gen_axilite.gen_b2s_conv.axilite_b2s/SI_REG/aw_pipe/p_1_in       |                                                                                                                                     |                7 |             20 |
|  System_i/processing_system7_0/U0/FCLK_CLK0 | System_i/processing_system7_0_axi_periph/m01_couplers/auto_pc/s_axi_arready                                                         |                                                                                                                                     |                8 |             20 |
|  System_i/processing_system7_0/U0/FCLK_CLK0 | System_i/processing_system7_0_axi_periph/m01_couplers/auto_pc/s_axi_awready                                                         |                                                                                                                                     |                6 |             20 |
|  System_i/processing_system7_0/U0/FCLK_CLK0 | System_i/processing_system7_0_axi_periph/m00_couplers/auto_pc/inst/gen_axilite.gen_b2s_conv.axilite_b2s/SI_REG/ar_pipe/p_1_in       |                                                                                                                                     |                5 |             20 |
|  System_i/processing_system7_0/U0/FCLK_CLK0 | System_i/led_ip/inst/led_ip_v1_0_S_AXI_inst/slv_reg_rden                                                                            | System_i/led_ip/p_0_in                                                                                                              |               13 |             32 |
|  System_i/processing_system7_0/U0/FCLK_CLK0 | System_i/axi_bram_ctrl_0/U0/gext_inst.abcv3_0_ext_inst/GEN_AXI4.I_FULL_AXI/I_RD_CHNL/rd_skid_buf_ld                                 | System_i/axi_bram_ctrl_0/bram_rst_a                                                                                                 |                6 |             32 |
|  System_i/processing_system7_0/U0/FCLK_CLK0 | System_i/axi_bram_ctrl_0/n_0_GEN_RDATA_NO_ECC.GEN_RDATA[31].axi_rdata_int[31]_i_2                                                   | System_i/axi_bram_ctrl_0/n_0_GEN_RDATA_NO_ECC.GEN_RDATA[31].axi_rdata_int[31]_i_1                                                   |                6 |             32 |
|  System_i/processing_system7_0/U0/FCLK_CLK0 | System_i/axi_bram_ctrl_0/U0/gext_inst.abcv3_0_ext_inst/GEN_AXI4.I_FULL_AXI/I_WR_CHNL/wrdata_reg_ld                                  |                                                                                                                                     |                5 |             32 |
|  System_i/processing_system7_0/U0/FCLK_CLK0 | System_i/processing_system7_0_axi_periph/m01_couplers/auto_pc/inst/gen_axilite.gen_b2s_conv.axilite_b2s/RD.r_channel_0/wr_en0       |                                                                                                                                     |                9 |             34 |
|  System_i/processing_system7_0/U0/FCLK_CLK0 | System_i/processing_system7_0_axi_periph/m00_couplers/auto_pc/inst/gen_axilite.gen_b2s_conv.axilite_b2s/RD.r_channel_0/wr_en0       |                                                                                                                                     |                9 |             34 |
|  System_i/processing_system7_0/U0/FCLK_CLK0 | System_i/processing_system7_0_axi_periph/m02_couplers/auto_pc/inst/gen_axilite.gen_b2s_conv.axilite_b2s/RD.r_channel_0/wr_en0       |                                                                                                                                     |                9 |             34 |
|  System_i/processing_system7_0/U0/FCLK_CLK0 | System_i/processing_system7_0_axi_periph/xbar/inst/gen_sasd.crossbar_sasd_0/reg_slice_r/p_1_in                                      |                                                                                                                                     |                8 |             35 |
|  System_i/processing_system7_0/U0/FCLK_CLK0 | System_i/processing_system7_0_axi_periph/xbar/inst/gen_sasd.crossbar_sasd_0/aa_rready                                               |                                                                                                                                     |               12 |             35 |
|  System_i/processing_system7_0/U0/FCLK_CLK0 | System_i/processing_system7_0_axi_periph/m02_couplers/auto_pc/inst/gen_axilite.gen_b2s_conv.axilite_b2s/si_rs_rready                |                                                                                                                                     |                7 |             35 |
|  System_i/processing_system7_0/U0/FCLK_CLK0 | System_i/processing_system7_0_axi_periph/m00_couplers/auto_pc/inst/gen_axilite.gen_b2s_conv.axilite_b2s/SI_REG/r_pipe/p_1_in        |                                                                                                                                     |                8 |             35 |
|  System_i/processing_system7_0/U0/FCLK_CLK0 | System_i/processing_system7_0_axi_periph/m00_couplers/auto_pc/inst/gen_axilite.gen_b2s_conv.axilite_b2s/si_rs_rready                |                                                                                                                                     |               10 |             35 |
|  System_i/processing_system7_0/U0/FCLK_CLK0 | System_i/processing_system7_0_axi_periph/m02_couplers/auto_pc/inst/gen_axilite.gen_b2s_conv.axilite_b2s/SI_REG/r_pipe/p_1_in        |                                                                                                                                     |                7 |             35 |
|  System_i/processing_system7_0/U0/FCLK_CLK0 | System_i/processing_system7_0_axi_periph/m01_couplers/auto_pc/inst/gen_axilite.gen_b2s_conv.axilite_b2s/SI_REG/r_pipe/p_1_in        |                                                                                                                                     |                7 |             35 |
|  System_i/processing_system7_0/U0/FCLK_CLK0 | System_i/processing_system7_0_axi_periph/m01_couplers/auto_pc/inst/gen_axilite.gen_b2s_conv.axilite_b2s/si_rs_rready                |                                                                                                                                     |               10 |             35 |
|  System_i/processing_system7_0/U0/FCLK_CLK0 | System_i/processing_system7_0_axi_periph/xbar/inst/gen_sasd.crossbar_sasd_0/addr_arbiter_inst/p_0_in1_in                            | System_i/processing_system7_0_axi_periph/xbar/inst/gen_sasd.crossbar_sasd_0/reset                                                   |               15 |             52 |
|  System_i/processing_system7_0/U0/FCLK_CLK0 |                                                                                                                                     | System_i/processing_system7_0_axi_periph/m02_couplers/auto_pc/inst/gen_axilite.gen_b2s_conv.axilite_b2s/areset_d1                   |               14 |             54 |
|  System_i/processing_system7_0/U0/FCLK_CLK0 |                                                                                                                                     | System_i/processing_system7_0_axi_periph/m01_couplers/auto_pc/inst/gen_axilite.gen_b2s_conv.axilite_b2s/areset_d1                   |               15 |             54 |
|  System_i/processing_system7_0/U0/FCLK_CLK0 |                                                                                                                                     | System_i/processing_system7_0_axi_periph/m00_couplers/auto_pc/inst/gen_axilite.gen_b2s_conv.axilite_b2s/areset_d1                   |               14 |             54 |
|  System_i/processing_system7_0/U0/FCLK_CLK0 |                                                                                                                                     |                                                                                                                                     |              207 |            481 |
+---------------------------------------------+-------------------------------------------------------------------------------------------------------------------------------------+-------------------------------------------------------------------------------------------------------------------------------------+------------------+----------------+


