Copyright 1986-1999, 2001-2013 Xilinx, Inc. All Rights Reserved.
--------------------------------------------------------------------------------------------
| Tool Version : Vivado v.2013.4 (win32) Build 353583 Mon Dec  9 17:38:55 MST 2013
| Date         : Thu Apr 10 22:21:58 2014
| Host         :  running 64-bit major release  (build 7600)
| Command      : report_clock_utilization -file System_wrapper_clock_utilization_placed.rpt
| Design       : System_wrapper
| Device       : xc7z020
--------------------------------------------------------------------------------------------

Clock Utilization Report

Table of Contents
-----------------
1. Clock Primitive Utilization
2. Details of Global Clocks
3. Details of Regional Clocks
4. Details of Multi-Regional Clocks
5. Details of I/O Clocks
6. Details of Local Clocks
7. Clock Regions : Key Resource Utilization
8. Net wise resources used in clock region X0Y1
9. Net wise resources used in clock region X1Y1
10. Net wise resources used in clock region X0Y2
11. Net wise resources used in clock region X1Y2

1. Clock Primitive Utilization
------------------------------

+-------+------+-----------+------------+
| Type  | Used | Available | Num Locked |
+-------+------+-----------+------------+
| BUFG  |    1 |        32 |          0 |
| BUFH  |    0 |        72 |          0 |
| BUFIO |    0 |        16 |          0 |
| MMCM  |    0 |         4 |          0 |
| BUFR  |    0 |        16 |          0 |
| BUFMR |    0 |         8 |          0 |
+-------+------+-----------+------------+


2. Details of Global Clocks
---------------------------

+-------+--------------------------------------------------------------------+--------------------------------------------+--------------+--------+---------------+-----------+
|       |                                                                    |                                            |   Num Loads  |        |               |           |
+-------+--------------------------------------------------------------------+--------------------------------------------+------+-------+--------+---------------+-----------+
| Index | BUFG Cell                                                          | Net Name                                   | BELs | Sites | Locked | MaxDelay (ns) | Skew (ns) |
+-------+--------------------------------------------------------------------+--------------------------------------------+------+-------+--------+---------------+-----------+
|     1 | System_i/processing_system7_0/U0/buffer_fclk_clk_0.FCLK_CLK_0_BUFG | System_i/processing_system7_0/U0/FCLK_CLK0 | 2410 |   883 |     no |         2.133 |     0.500 |
+-------+--------------------------------------------------------------------+--------------------------------------------+------+-------+--------+---------------+-----------+


3. Details of Regional Clocks
-----------------------------

4. Details of Multi-Regional Clocks
-----------------------------------

5. Details of I/O Clocks
------------------------

6. Details of Local Clocks
--------------------------

7. Clock Regions : Key Resource Utilization
-------------------------------------------

+-------------------+--------------+--------------+--------------+--------------+--------------+--------------+--------------+--------------+--------------+--------------+--------------+--------------+--------------+--------------+--------------+
|                   | Global Clock |     BUFRs    |    BUFMRs    |    BUFIOs    |     MMCM     |      PLL     |      GT      |      PCI     |    ILOGIC    |    OLOGIC    |      FF      |     LUTM     |    RAMB18    |    RAMB36    |    DSP48E1   |
+-------------------+------+-------+------+-------+------+-------+------+-------+------+-------+------+-------+------+-------+------+-------+------+-------+------+-------+------+-------+------+-------+------+-------+------+-------+------+-------+
| Clock Region Name | Used | Avail | Used | Avail | Used | Avail | Used | Avail | Used | Avail | Used | Avail | Used | Avail | Used | Avail | Used | Avail | Used | Avail | Used | Avail | Used | Avail | Used | Avail | Used | Avail | Used | Avail |
+-------------------+------+-------+------+-------+------+-------+------+-------+------+-------+------+-------+------+-------+------+-------+------+-------+------+-------+------+-------+------+-------+------+-------+------+-------+------+-------+
| X0Y0              |    0 |    12 |    0 |     4 |    0 |     2 |    0 |     4 |    0 |     1 |    0 |     1 |    0 |     0 |    0 |     0 |    0 |    50 |    0 |    50 |    0 | 20000 |    0 |  4000 |    0 |   120 |    0 |    30 |    0 |    60 |
| X1Y0              |    0 |    12 |    0 |     4 |    0 |     2 |    0 |     4 |    0 |     1 |    0 |     1 |    0 |     0 |    0 |     0 |    0 |    50 |    0 |    50 |    0 | 25600 |    0 |  3400 |    0 |   120 |    0 |    30 |    0 |    40 |
| X0Y1              |    1 |    12 |    0 |     0 |    0 |     0 |    0 |     0 |    0 |     0 |    0 |     0 |    0 |     0 |    0 |     0 |    0 |     0 |    0 |     0 |  965 |  9600 |   76 |  1600 |    0 |    40 |    0 |    10 |    0 |    20 |
| X1Y1              |    1 |    12 |    0 |     4 |    0 |     2 |    0 |     4 |    0 |     1 |    0 |     1 |    0 |     0 |    0 |     0 |    0 |    50 |    0 |    50 |  298 | 20800 |   34 |  3400 |    0 |   120 |    0 |    30 |    0 |    40 |
| X0Y2              |    1 |    12 |    0 |     0 |    0 |     0 |    0 |     0 |    0 |     0 |    0 |     0 |    0 |     0 |    0 |     0 |    0 |     0 |    0 |     0 |  657 |  9600 |   60 |  1600 |    0 |    36 |    2 |     9 |    0 |    20 |
| X1Y2              |    1 |    12 |    0 |     4 |    0 |     2 |    0 |     4 |    0 |     1 |    0 |     1 |    0 |     0 |    0 |     0 |    0 |    50 |    0 |    50 |  306 | 20800 |   11 |  3400 |    0 |   108 |    0 |    27 |    0 |    40 |
+-------------------+------+-------+------+-------+------+-------+------+-------+------+-------+------+-------+------+-------+------+-------+------+-------+------+-------+------+-------+------+-------+------+-------+------+-------+------+-------+
* RAMB36 site can be used as two RAMB18/FIFO18 sites


8. Net wise resources used in clock region X0Y1
-----------------------------------------------

+-------------+--------+-----------+---------+-----------+---------+---------+-----+-------+----------+------+--------------------------------------------+
| Source Type | Locked | MMCM Pins | GT Pins | BRAM Pins | ILOGICs | OLOGICs | FFs | LUTMs | DSP48E1s | PLLs |                             Clock Net Name |
+-------------+--------+-----------+---------+-----------+---------+---------+-----+-------+----------+------+--------------------------------------------+
| BUFG        |   no   |         0 |       0 |         0 |       0 |       0 | 965 |    76 |        0 |    0 | System_i/processing_system7_0/U0/FCLK_CLK0 |
+-------------+--------+-----------+---------+-----------+---------+---------+-----+-------+----------+------+--------------------------------------------+


9. Net wise resources used in clock region X1Y1
-----------------------------------------------

+-------------+--------+-----------+---------+-----------+---------+---------+-----+-------+----------+------+--------------------------------------------+
| Source Type | Locked | MMCM Pins | GT Pins | BRAM Pins | ILOGICs | OLOGICs | FFs | LUTMs | DSP48E1s | PLLs |                             Clock Net Name |
+-------------+--------+-----------+---------+-----------+---------+---------+-----+-------+----------+------+--------------------------------------------+
| BUFG        |   no   |         0 |       0 |         0 |       0 |       0 | 298 |    34 |        0 |    0 | System_i/processing_system7_0/U0/FCLK_CLK0 |
+-------------+--------+-----------+---------+-----------+---------+---------+-----+-------+----------+------+--------------------------------------------+


10. Net wise resources used in clock region X0Y2
------------------------------------------------

+-------------+--------+-----------+---------+-----------+---------+---------+-----+-------+----------+------+--------------------------------------------+
| Source Type | Locked | MMCM Pins | GT Pins | BRAM Pins | ILOGICs | OLOGICs | FFs | LUTMs | DSP48E1s | PLLs |                             Clock Net Name |
+-------------+--------+-----------+---------+-----------+---------+---------+-----+-------+----------+------+--------------------------------------------+
| BUFG        |   no   |         0 |       0 |         4 |       0 |       0 | 657 |    60 |        0 |    0 | System_i/processing_system7_0/U0/FCLK_CLK0 |
+-------------+--------+-----------+---------+-----------+---------+---------+-----+-------+----------+------+--------------------------------------------+


11. Net wise resources used in clock region X1Y2
------------------------------------------------

+-------------+--------+-----------+---------+-----------+---------+---------+-----+-------+----------+------+--------------------------------------------+
| Source Type | Locked | MMCM Pins | GT Pins | BRAM Pins | ILOGICs | OLOGICs | FFs | LUTMs | DSP48E1s | PLLs |                             Clock Net Name |
+-------------+--------+-----------+---------+-----------+---------+---------+-----+-------+----------+------+--------------------------------------------+
| BUFG        |   no   |         0 |       0 |         0 |       0 |       0 | 306 |    11 |        0 |    0 | System_i/processing_system7_0/U0/FCLK_CLK0 |
+-------------+--------+-----------+---------+-----------+---------+---------+-----+-------+----------+------+--------------------------------------------+



# Location of BUFG Primitives 
set_property LOC BUFGCTRL_X0Y16 [get_cells System_i/processing_system7_0/U0/buffer_fclk_clk_0.FCLK_CLK_0_BUFG]

# Location of IO Clock Primitives

# Location of MMCM Clock Primitives

# Location of BUFH Clock Primitives

# Location of BUFR Clock Primitives

# Location of BUFMR Clock Primitives

# Location of PLL Clock Primitives

# Location of IO Primitives which is load of clock spine

# Location of clock ports

# Clock net "System_i/processing_system7_0/U0/FCLK_CLK0" driven by instance "System_i/processing_system7_0/U0/buffer_fclk_clk_0.FCLK_CLK_0_BUFG" located at site "BUFGCTRL_X0Y16"
#startgroup
create_pblock CLKAG_System_i/processing_system7_0/U0/FCLK_CLK0
add_cells_to_pblock [get_pblocks  CLKAG_System_i/processing_system7_0/U0/FCLK_CLK0] [get_cells  -filter { IS_PRIMITIVE==1 && PRIMITIVE_LEVEL !=INTERNAL } -of_object [get_pins -filter {DIRECTION==IN} -of_objects [get_nets -hierarchical -filter {PARENT=="System_i/processing_system7_0/U0/FCLK_CLK0"}]]]
resize_pblock [get_pblocks CLKAG_System_i/processing_system7_0/U0/FCLK_CLK0] -add {CLOCKREGION_X0Y1:CLOCKREGION_X0Y1 CLOCKREGION_X0Y2:CLOCKREGION_X0Y2 CLOCKREGION_X1Y1:CLOCKREGION_X1Y1 CLOCKREGION_X1Y2:CLOCKREGION_X1Y2}
#endgroup
